Determining if the pthread_create exist failed with the following output:
Change Dir: /home/airmatrix/Documents/SDKs/DronecodeSDK/build/default/CMakeFiles/CMakeTmp

Run Build Command:"/usr/bin/ninja" "cmTC_ff04b"
[1/2] Building C object CMakeFiles/cmTC_ff04b.dir/CheckSymbolExists.c.o
[2/2] Linking C executable cmTC_ff04b
FAILED: cmTC_ff04b 
: && /usr/bin/cc   -rdynamic CMakeFiles/cmTC_ff04b.dir/CheckSymbolExists.c.o  -o cmTC_ff04b   && :
CMakeFiles/cmTC_ff04b.dir/CheckSymbolExists.c.o: In function `main':
CheckSymbolExists.c:(.text+0x1b): undefined reference to `pthread_create'
collect2: error: ld returned 1 exit status
ninja: build stopped: subcommand failed.

File /home/airmatrix/Documents/SDKs/DronecodeSDK/build/default/CMakeFiles/CMakeTmp/CheckSymbolExists.c:
/* */
#include <pthread.h>

int main(int argc, char** argv)
{
  (void)argv;
#ifndef pthread_create
  return ((int*)(&pthread_create))[argc];
#else
  (void)argc;
  return 0;
#endif
}

Determining if the function pthread_create exists in the pthreads failed with the following output:
Change Dir: /home/airmatrix/Documents/SDKs/DronecodeSDK/build/default/CMakeFiles/CMakeTmp

Run Build Command:"/usr/bin/ninja" "cmTC_a7815"
[1/2] Building C object CMakeFiles/cmTC_a7815.dir/CheckFunctionExists.c.o
[2/2] Linking C executable cmTC_a7815
FAILED: cmTC_a7815 
: && /usr/bin/cc -DCHECK_FUNCTION_EXISTS=pthread_create  -rdynamic CMakeFiles/cmTC_a7815.dir/CheckFunctionExists.c.o  -o cmTC_a7815  -lpthreads && :
/usr/bin/ld: cannot find -lpthreads
collect2: error: ld returned 1 exit status
ninja: build stopped: subcommand failed.


Performing C++ SOURCE FILE Test _flag_supported failed with the following output:
Change Dir: /home/airmatrix/Documents/SDKs/DronecodeSDK/build/default/CMakeFiles/CMakeTmp

Run Build Command:"/usr/bin/ninja" "cmTC_20188"
[1/2] Building CXX object CMakeFiles/cmTC_20188.dir/src.cxx.o
FAILED: CMakeFiles/cmTC_20188.dir/src.cxx.o 
/usr/bin/c++    -D_flag_supported   _warning_flag -o CMakeFiles/cmTC_20188.dir/src.cxx.o -c src.cxx
c++: error: _warning_flag: No such file or directory
ninja: build stopped: subcommand failed.

Source file was:
int main() { return 0; }
